This file contains any messages produced by compilers while
running configure, to aid debugging if configure makes a mistake.

It was created by libmodbus configure 3.1.11, which was
generated by GNU Autoconf 2.72.  Invocation command line was

  $ ./configure --host=arm-none-linux-gnueabihf CC=/arm-none-linux-gnueabihf-gcc --prefix= --enable-static --disable-shared

## --------- ##
## Platform. ##
## --------- ##

hostname = mtam
uname -m = x86_64
uname -r = 6.14.0-37-generic
uname -s = Linux
uname -v = #37~24.04.1-Ubuntu SMP PREEMPT_DYNAMIC Thu Nov 20 10:25:38 UTC 2

/usr/bin/uname -p = x86_64
/bin/uname -X     = unknown

/bin/arch              = x86_64
/usr/bin/arch -k       = unknown
/usr/convex/getsysinfo = unknown
/usr/bin/hostinfo      = unknown
/bin/machine           = unknown
/usr/bin/oslevel       = unknown
/bin/universe          = unknown

PATH: /home/mtam/.config/Code/User/globalStorage/github.copilot-chat/debugCommand/
PATH: /home/mtam/.config/Code/User/globalStorage/github.copilot-chat/copilotCli/
PATH: /usr/local/sbin/
PATH: /usr/local/bin/
PATH: /usr/sbin/
PATH: /usr/bin/
PATH: /sbin/
PATH: /bin/
PATH: /usr/games/
PATH: /usr/local/games/
PATH: /snap/bin/
PATH: /snap/bin/


## ----------- ##
## Core tests. ##
## ----------- ##

configure:3012: looking for aux files: ltmain.sh config.guess config.sub compile missing install-sh
configure:3025:  trying ./build-aux/
configure:3054:   ./build-aux/ltmain.sh found
configure:3054:   ./build-aux/config.guess found
configure:3054:   ./build-aux/config.sub found
configure:3054:   ./build-aux/compile found
configure:3054:   ./build-aux/missing found
configure:3036:   ./build-aux/install-sh found
configure:3186: checking for a BSD-compatible install
configure:3260: result: /usr/bin/install -c
configure:3271: checking whether sleep supports fractional seconds
configure:3287: result: yes
configure:3290: checking filesystem timestamp resolution
configure:3425: result: 0.01
configure:3430: checking whether build environment is sane
configure:3471: result: yes
configure:3537: checking for arm-none-linux-gnueabihf-strip
configure:3573: result: no
configure:3583: checking for strip
configure:3604: found /usr/bin/strip
configure:3616: result: strip
configure:3642: checking for a race-free mkdir -p
configure:3685: result: /usr/bin/mkdir -p
configure:3692: checking for gawk
configure:3713: found /usr/bin/gawk
configure:3725: result: gawk
configure:3736: checking whether make sets $(MAKE)
configure:3760: result: yes
configure:3786: checking whether make supports nested variables
configure:3805: result: yes
configure:3819: checking xargs -n works
configure:3835: result: yes
configure:3910: checking how to create a pax tar archive
configure:3921: tar --version
tar (GNU tar) 1.35
Copyright (C) 2023 Free Software Foundation, Inc.
License GPLv3+: GNU GPL version 3 or later <https://gnu.org/licenses/gpl.html>.
This is free software: you are free to change and redistribute it.
There is NO WARRANTY, to the extent permitted by law.

Written by John Gilmore and Jay Fenlason.
configure:3924: $? = 0
configure:3964: tardir=conftest.dir && eval tar --format=posix -chf - "$tardir" >conftest.tar
configure:3967: $? = 0
configure:3971: tar -xf - <conftest.tar
configure:3974: $? = 0
configure:3976: cat conftest.dir/file
GrepMe
configure:3979: $? = 0
configure:3994: result: gnutar
configure:4037: checking for arm-none-linux-gnueabihf-gcc
configure:4070: result: /arm-none-linux-gnueabihf-gcc
configure:4475: checking for C compiler version
configure:4484: /arm-none-linux-gnueabihf-gcc --version >&5
./configure: line 4486: /arm-none-linux-gnueabihf-gcc: No such file or directory
configure:4495: $? = 127
configure:4484: /arm-none-linux-gnueabihf-gcc -v >&5
./configure: line 4486: /arm-none-linux-gnueabihf-gcc: No such file or directory
configure:4495: $? = 127
configure:4484: /arm-none-linux-gnueabihf-gcc -V >&5
./configure: line 4486: /arm-none-linux-gnueabihf-gcc: No such file or directory
configure:4495: $? = 127
configure:4484: /arm-none-linux-gnueabihf-gcc -qversion >&5
./configure: line 4486: /arm-none-linux-gnueabihf-gcc: No such file or directory
configure:4495: $? = 127
configure:4484: /arm-none-linux-gnueabihf-gcc -version >&5
./configure: line 4486: /arm-none-linux-gnueabihf-gcc: No such file or directory
configure:4495: $? = 127
configure:4515: checking whether the C compiler works
configure:4537: /arm-none-linux-gnueabihf-gcc    conftest.c  >&5
./configure: line 4539: /arm-none-linux-gnueabihf-gcc: No such file or directory
configure:4541: $? = 127
configure:4582: result: no
configure: failed program was:
| /* confdefs.h */
| #define PACKAGE_NAME "libmodbus"
| #define PACKAGE_TARNAME "libmodbus"
| #define PACKAGE_VERSION "3.1.11"
| #define PACKAGE_STRING "libmodbus 3.1.11"
| #define PACKAGE_BUGREPORT "https://github.com/stephane/libmodbus/issues"
| #define PACKAGE_URL "http://libmodbus.org/"
| #define PACKAGE "libmodbus"
| #define VERSION "3.1.11"
| /* end confdefs.h.  */
| 
| int
| main (void)
| {
| 
|   ;
|   return 0;
| }
configure:4587: error: in '/home/mtam/tamvm/SDK_rk3506/SDK_rk3506/task_12/libmodbus':
configure:4589: error: C compiler cannot create executables
See 'config.log' for more details

## ---------------- ##
## Cache variables. ##
## ---------------- ##

ac_cv_env_CCC_set=
ac_cv_env_CCC_value=
ac_cv_env_CC_set=set
ac_cv_env_CC_value=/arm-none-linux-gnueabihf-gcc
ac_cv_env_CFLAGS_set=
ac_cv_env_CFLAGS_value=
ac_cv_env_CPPFLAGS_set=
ac_cv_env_CPPFLAGS_value=
ac_cv_env_CXXCPP_set=
ac_cv_env_CXXCPP_value=
ac_cv_env_CXXFLAGS_set=
ac_cv_env_CXXFLAGS_value=
ac_cv_env_CXX_set=
ac_cv_env_CXX_value=
ac_cv_env_LDFLAGS_set=
ac_cv_env_LDFLAGS_value=
ac_cv_env_LIBS_set=
ac_cv_env_LIBS_value=
ac_cv_env_LT_SYS_LIBRARY_PATH_set=
ac_cv_env_LT_SYS_LIBRARY_PATH_value=
ac_cv_env_build_alias_set=
ac_cv_env_build_alias_value=
ac_cv_env_host_alias_set=set
ac_cv_env_host_alias_value=arm-none-linux-gnueabihf
ac_cv_env_target_alias_set=
ac_cv_env_target_alias_value=
ac_cv_path_install='/usr/bin/install -c'
ac_cv_path_mkdir=/usr/bin/mkdir
ac_cv_prog_AWK=gawk
ac_cv_prog_CC=/arm-none-linux-gnueabihf-gcc
ac_cv_prog_ac_ct_STRIP=strip
ac_cv_prog_make_make_set=yes
am_cv_filesystem_timestamp_resolution=0.01
am_cv_make_support_nested_variables=yes
am_cv_prog_tar_pax=gnutar
am_cv_sleep_fractional_seconds=yes
am_cv_xargs_n_works=yes

## ----------------- ##
## Output variables. ##
## ----------------- ##

ACLOCAL='${SHELL} '\''/home/mtam/tamvm/SDK_rk3506/SDK_rk3506/task_12/libmodbus/build-aux/missing'\'' aclocal-1.17'
AMDEPBACKSLASH=''
AMDEP_FALSE=''
AMDEP_TRUE=''
AMTAR='$${TAR-tar}'
AM_BACKSLASH='\'
AM_DEFAULT_V=''
AM_DEFAULT_VERBOSITY='1'
AM_V=''
AR=''
AS=''
AUTOCONF='${SHELL} '\''/home/mtam/tamvm/SDK_rk3506/SDK_rk3506/task_12/libmodbus/build-aux/missing'\'' autoconf'
AUTOHEADER='${SHELL} '\''/home/mtam/tamvm/SDK_rk3506/SDK_rk3506/task_12/libmodbus/build-aux/missing'\'' autoheader'
AUTOMAKE='${SHELL} '\''/home/mtam/tamvm/SDK_rk3506/SDK_rk3506/task_12/libmodbus/build-aux/missing'\'' automake-1.17'
AWK='gawk'
BUILD_TESTS_FALSE=''
BUILD_TESTS_TRUE=''
CC='/arm-none-linux-gnueabihf-gcc'
CCDEPMODE=''
CFLAGS=''
CPPFLAGS=''
CSCOPE='cscope'
CTAGS='ctags'
CXX=''
CXXCPP=''
CXXDEPMODE=''
CXXFLAGS=''
CYGPATH_W='echo'
DEFS=''
DEPDIR=''
DLLTOOL=''
DSYMUTIL=''
DUMPBIN=''
ECHO_C=''
ECHO_N='-n'
ECHO_T=''
EGREP=''
ETAGS='etags'
EXEEXT=''
FGREP=''
FILECMD=''
GREP=''
INSTALL_DATA='${INSTALL} -m 644'
INSTALL_PROGRAM='${INSTALL}'
INSTALL_SCRIPT='${INSTALL}'
INSTALL_STRIP_PROGRAM='$(install_sh) -c -s'
LD=''
LDFLAGS=''
LIBMODBUS_LT_VERSION_INFO=''
LIBMODBUS_VERSION=''
LIBMODBUS_VERSION_MAJOR=''
LIBMODBUS_VERSION_MICRO=''
LIBMODBUS_VERSION_MINOR=''
LIBOBJS=''
LIBS=''
LIBTOOL=''
LIPO=''
LN_S=''
LTLIBOBJS=''
LT_SYS_LIBRARY_PATH=''
MAKEINFO='${SHELL} '\''/home/mtam/tamvm/SDK_rk3506/SDK_rk3506/task_12/libmodbus/build-aux/missing'\'' makeinfo'
MANIFEST_TOOL=''
MKDIR_P='/usr/bin/mkdir -p'
NM=''
NMEDIT=''
OBJDUMP=''
OBJEXT=''
OS_QNX_FALSE=''
OS_QNX_TRUE=''
OS_WIN32_FALSE=''
OS_WIN32_TRUE=''
OTOOL64=''
OTOOL=''
PACKAGE='libmodbus'
PACKAGE_BUGREPORT='https://github.com/stephane/libmodbus/issues'
PACKAGE_NAME='libmodbus'
PACKAGE_STRING='libmodbus 3.1.11'
PACKAGE_TARNAME='libmodbus'
PACKAGE_URL='http://libmodbus.org/'
PACKAGE_VERSION='3.1.11'
PATH_SEPARATOR=':'
RANLIB=''
SED=''
SET_MAKE=''
SHELL='/bin/bash'
STRIP='strip'
VERSION='3.1.11'
WARNING_CFLAGS=''
ac_ct_AR=''
ac_ct_CC=''
ac_ct_CXX=''
ac_ct_DUMPBIN=''
am__EXEEXT_FALSE=''
am__EXEEXT_TRUE=''
am__fastdepCC_FALSE=''
am__fastdepCC_TRUE=''
am__fastdepCXX_FALSE=''
am__fastdepCXX_TRUE=''
am__include=''
am__isrc=''
am__leading_dot='.'
am__nodep=''
am__quote=''
am__rm_f_notfound=''
am__tar='tar --format=posix -chf - "$$tardir"'
am__untar='tar -xf -'
am__xargs_n='xargs -n'
bindir='${exec_prefix}/bin'
build=''
build_alias=''
build_cpu=''
build_os=''
build_vendor=''
datadir='${datarootdir}'
datarootdir='${prefix}/share'
docdir='${datarootdir}/doc/${PACKAGE_TARNAME}'
dvidir='${docdir}'
exec_prefix='NONE'
host='arm-none-linux-gnueabihf'
host_alias='arm-none-linux-gnueabihf'
host_cpu=''
host_os=''
host_vendor=''
htmldir='${docdir}'
includedir='${prefix}/include'
infodir='${datarootdir}/info'
install_sh='${SHELL} /home/mtam/tamvm/SDK_rk3506/SDK_rk3506/task_12/libmodbus/build-aux/install-sh'
libdir='${exec_prefix}/lib'
libexecdir='${exec_prefix}/libexec'
localedir='${datarootdir}/locale'
localstatedir='${prefix}/var'
mandir='${datarootdir}/man'
mkdir_p='$(MKDIR_P)'
oldincludedir='/usr/include'
pdfdir='${docdir}'
prefix=''
program_transform_name='s,x,x,'
psdir='${docdir}'
runstatedir='${localstatedir}/run'
sbindir='${exec_prefix}/sbin'
sharedstatedir='${prefix}/com'
sysconfdir='${prefix}/etc'
target_alias=''

## ----------- ##
## confdefs.h. ##
## ----------- ##

/* confdefs.h */
#define PACKAGE_NAME "libmodbus"
#define PACKAGE_TARNAME "libmodbus"
#define PACKAGE_VERSION "3.1.11"
#define PACKAGE_STRING "libmodbus 3.1.11"
#define PACKAGE_BUGREPORT "https://github.com/stephane/libmodbus/issues"
#define PACKAGE_URL "http://libmodbus.org/"
#define PACKAGE "libmodbus"
#define VERSION "3.1.11"

configure: exit 77
